<?xml version="1.0" encoding="UTF-8"?>
<!-- Generated by org.testng.reporters.JUnitXMLReporter -->
<testsuite hostname="CTLT095" ignored="0" name="Default test" tests="3" failures="0" timestamp="2020-04-10T01:10:39 IST" time="10.283" errors="0">
  <testcase name="openRegistration" time="3.1" classname="testcases.SanityTest"/>
  <testcase name="userRegistration" time="3.529" classname="testcases.SanityTest"/>
  <testcase name="confirmUserRegistration" time="0.983" classname="testcases.SanityTest"/>
</testsuite> <!-- Default test -->
