<?xml version="1.0" encoding="UTF-8"?>
<!-- Generated by org.testng.reporters.JUnitXMLReporter -->
<testsuite hostname="CTLT095" ignored="0" name="Default test" tests="3" failures="0" timestamp="2020-04-11T17:37:32 IST" time="16.227" errors="0">
  <testcase name="openRegistration" time="3.874" classname="testcases.SanityTest"/>
  <testcase name="userRegistration" time="8.566" classname="testcases.SanityTest"/>
  <testcase name="confirmUserRegistration" time="0.978" classname="testcases.SanityTest"/>
</testsuite> <!-- Default test -->
