<?xml version="1.0" encoding="UTF-8"?>
<!-- Generated by org.testng.reporters.JUnitXMLReporter -->
<testsuite hostname="CTLT095" ignored="0" name="Book Flight for 3 Passengers" tests="5" failures="0" timestamp="13 Apr 2020 09:11:24 GMT" time="31.843" errors="0">
  <testcase name="open_Registration" time="3.292" classname="testcases.SanityTest"/>
  <testcase name="user_Registration" time="20.609" classname="testcases.SanityTest"/>
  <testcase name="confirm_User_Registration" time="1.163" classname="testcases.SanityTest"/>
  <testcase name="flight_Reservation" time="3.397" classname="testcases.SanityTest"/>
  <testcase name="flight_Confirmation" time="1.364" classname="testcases.SanityTest"/>
</testsuite> <!-- Book Flight for 3 Passengers -->
