<?xml version="1.0" encoding="UTF-8"?>
<!-- Generated by org.testng.reporters.JUnitXMLReporter -->
<testsuite hostname="CTLT095" ignored="0" name="Book Flight for 1 Passenger" tests="5" failures="0" timestamp="13 Apr 2020 09:11:24 GMT" time="31.974" errors="0">
  <testcase name="open_Registration" time="3.461" classname="testcases.SanityTest"/>
  <testcase name="user_Registration" time="20.809" classname="testcases.SanityTest"/>
  <testcase name="confirm_User_Registration" time="1.161" classname="testcases.SanityTest"/>
  <testcase name="flight_Reservation" time="3.219" classname="testcases.SanityTest"/>
  <testcase name="flight_Confirmation" time="1.357" classname="testcases.SanityTest"/>
</testsuite> <!-- Book Flight for 1 Passenger -->
