<?xml version="1.0" encoding="UTF-8"?>
<!-- Generated by org.testng.reporters.JUnitXMLReporter -->
<testsuite hostname="CTLT095" ignored="0" name="Book Flight for 4 Passengers" tests="5" failures="0" timestamp="13 Apr 2020 09:11:23 GMT" time="31.777" errors="0">
  <testcase name="open_Registration" time="3.349" classname="testcases.SanityTest"/>
  <testcase name="user_Registration" time="20.499" classname="testcases.SanityTest"/>
  <testcase name="confirm_User_Registration" time="1.16" classname="testcases.SanityTest"/>
  <testcase name="flight_Reservation" time="3.42" classname="testcases.SanityTest"/>
  <testcase name="flight_Confirmation" time="1.373" classname="testcases.SanityTest"/>
</testsuite> <!-- Book Flight for 4 Passengers -->
