<?xml version="1.0" encoding="UTF-8"?>
<!-- Generated by org.testng.reporters.JUnitXMLReporter -->
<testsuite hostname="CTLT095" ignored="0" name="Book Flight for 2 Passengers" tests="5" failures="0" timestamp="13 Apr 2020 15:18:14 GMT" time="19.018" errors="0">
  <testcase name="open_Registration" time="5.106" classname="testcases.SanityTest"/>
  <testcase name="user_Registration" time="4.749" classname="testcases.SanityTest"/>
  <testcase name="confirm_User_Registration" time="0.991" classname="testcases.SanityTest"/>
  <testcase name="flight_Reservation" time="3.162" classname="testcases.SanityTest"/>
  <testcase name="flight_Confirmation" time="1.118" classname="testcases.SanityTest"/>
</testsuite> <!-- Book Flight for 2 Passengers -->
