<?xml version="1.0" encoding="UTF-8"?>
<!-- Generated by org.testng.reporters.JUnitXMLReporter -->
<testsuite hostname="CTLT095" ignored="0" name="Book Flight for 4 Passengers" tests="5" failures="0" timestamp="12 Apr 2020 19:48:45 GMT" time="17.217" errors="0">
  <testcase name="open_Registration" time="3.593" classname="testcases.SanityTest1"/>
  <testcase name="user_Registration" time="4.285" classname="testcases.SanityTest1"/>
  <testcase name="confirm_User_Registration" time="0.921" classname="testcases.SanityTest1"/>
  <testcase name="flight_Reservation" time="3.278" classname="testcases.SanityTest1"/>
  <testcase name="flight_Confirmation" time="1.288" classname="testcases.SanityTest1"/>
</testsuite> <!-- Book Flight for 4 Passengers -->
