<?xml version="1.0" encoding="UTF-8"?>
<!-- Generated by org.testng.reporters.JUnitXMLReporter -->
<testsuite hostname="CTLT095" ignored="0" name="Sample Application Tests" tests="3" failures="0" timestamp="2020-04-11T20:13:43 IST" time="19.603" errors="0">
  <testcase name="openRegistration" time="3.36" classname="testcases.SanityTest"/>
  <testcase name="userRegistration" time="12.572" classname="testcases.SanityTest"/>
  <testcase name="confirmUserRegistration" time="0.97" classname="testcases.SanityTest"/>
</testsuite> <!-- Sample Application Tests -->
