<?xml version="1.0" encoding="UTF-8"?>
<!-- Generated by org.testng.reporters.JUnitXMLReporter -->
<testsuite hostname="CTLT095" ignored="0" name="Sample Application Tests 01" tests="5" failures="0" timestamp="2020-04-12T22:09:45 IST" time="0.294" errors="0">
  <testcase name="open_Registration" time="0.0" classname="testcases.SanityTest">
    <skipped/>
  </testcase> <!-- open_Registration -->
  <testcase name="user_Registration" time="0.0" classname="testcases.SanityTest">
    <skipped/>
  </testcase> <!-- user_Registration -->
  <testcase name="confirm_User_Registration" time="0.0" classname="testcases.SanityTest">
    <skipped/>
  </testcase> <!-- confirm_User_Registration -->
  <testcase name="flight_Reservation" time="0.0" classname="testcases.SanityTest">
    <skipped/>
  </testcase> <!-- flight_Reservation -->
  <testcase name="flight_Confirmation" time="0.0" classname="testcases.SanityTest">
    <skipped/>
  </testcase> <!-- flight_Confirmation -->
</testsuite> <!-- Sample Application Tests 01 -->
