<?xml version="1.0" encoding="UTF-8"?>
<!-- Generated by org.testng.reporters.JUnitXMLReporter -->
<testsuite hostname="CTLT095" ignored="0" name="Sample Application Tests" tests="5" failures="0" timestamp="2020-04-12T14:47:37 IST" time="22.634" errors="0">
  <testcase name="open_Registration" time="3.904" classname="testcases.SanityTest"/>
  <testcase name="user_Registration" time="6.487" classname="testcases.SanityTest"/>
  <testcase name="confirm_User_Registration" time="1.01" classname="testcases.SanityTest"/>
  <testcase name="flight_Reservation" time="3.682" classname="testcases.SanityTest"/>
  <testcase name="flight_Confirmation" time="4.548" classname="testcases.SanityTest"/>
</testsuite> <!-- Sample Application Tests -->
