<?xml version="1.0" encoding="UTF-8"?>
<!-- Generated by org.testng.reporters.JUnitXMLReporter -->
<testsuite hostname="CTLT095" ignored="0" name="Sample Application Tests 02" tests="5" failures="0" timestamp="2020-04-12T22:10:05 IST" time="20.099" errors="0">
  <testcase name="open_Registration" time="5.878" classname="testcases.SanityTest"/>
  <testcase name="user_Registration" time="5.341" classname="testcases.SanityTest"/>
  <testcase name="confirm_User_Registration" time="1.038" classname="testcases.SanityTest"/>
  <testcase name="flight_Reservation" time="3.186" classname="testcases.SanityTest"/>
  <testcase name="flight_Confirmation" time="1.671" classname="testcases.SanityTest"/>
</testsuite> <!-- Sample Application Tests 02 -->
