<?xml version="1.0" encoding="UTF-8"?>
<testng-results skipped="0" failed="0" ignored="0" total="20" passed="20">
  <reporter-output>
  </reporter-output>
  <suite name="Test_Automation_2020" duration-ms="31974" started-at="2020-04-13T09:10:52Z" finished-at="2020-04-13T09:11:24Z">
    <groups>
    </groups>
    <test name="Book Flight for 4 Passengers" duration-ms="31777" started-at="2020-04-13T09:10:52Z" finished-at="2020-04-13T09:11:23Z">
      <class name="testcases.SanityTest">
        <test-method status="PASS" signature="suiteSetUp()[pri:0, instance:testcases.SanityTest@29ca901e]" name="suiteSetUp" is-config="true" duration-ms="422" started-at="2020-04-13T09:10:51Z" finished-at="2020-04-13T09:10:52Z">
          <reporter-output>
          </reporter-output>
        </test-method> <!-- suiteSetUp -->
        <test-method status="PASS" signature="beforeEachTestClass(java.lang.String, java.lang.String)[pri:0, instance:testcases.SanityTest@29ca901e]" name="beforeEachTestClass" is-config="true" duration-ms="1888" started-at="2020-04-13T09:10:52Z" finished-at="2020-04-13T09:10:54Z">
          <params>
            <param index="0">
              <value>
                <![CDATA[4]]>
              </value>
            </param>
            <param index="1">
              <value>
                <![CDATA[$2338 USD]]>
              </value>
            </param>
          </params>
          <reporter-output>
          </reporter-output>
        </test-method> <!-- beforeEachTestClass -->
        <test-method status="PASS" signature="setUp_Parameters(java.lang.String, java.lang.String)[pri:0, instance:testcases.SanityTest@29ca901e]" name="setUp_Parameters" is-config="true" duration-ms="0" started-at="2020-04-13T09:10:54Z" depends-on-methods="base.TestBase.beforeEachTestClass" finished-at="2020-04-13T09:10:54Z">
          <params>
            <param index="0">
              <value>
                <![CDATA[4]]>
              </value>
            </param>
            <param index="1">
              <value>
                <![CDATA[$2338 USD]]>
              </value>
            </param>
          </params>
          <reporter-output>
          </reporter-output>
        </test-method> <!-- setUp_Parameters -->
        <test-method status="PASS" signature="open_Registration()[pri:1, instance:testcases.SanityTest@29ca901e]" name="open_Registration" duration-ms="3349" started-at="2020-04-13T09:10:54Z" finished-at="2020-04-13T09:10:57Z">
          <reporter-output>
          </reporter-output>
        </test-method> <!-- open_Registration -->
        <test-method status="PASS" signature="user_Registration()[pri:2, instance:testcases.SanityTest@29ca901e]" name="user_Registration" duration-ms="20499" started-at="2020-04-13T09:10:57Z" finished-at="2020-04-13T09:11:17Z">
          <reporter-output>
          </reporter-output>
        </test-method> <!-- user_Registration -->
        <test-method status="PASS" signature="confirm_User_Registration()[pri:3, instance:testcases.SanityTest@29ca901e]" name="confirm_User_Registration" duration-ms="1160" started-at="2020-04-13T09:11:17Z" finished-at="2020-04-13T09:11:19Z">
          <reporter-output>
          </reporter-output>
        </test-method> <!-- confirm_User_Registration -->
        <test-method status="PASS" signature="flight_Reservation()[pri:4, instance:testcases.SanityTest@29ca901e]" name="flight_Reservation" duration-ms="3420" started-at="2020-04-13T09:11:19Z" finished-at="2020-04-13T09:11:22Z">
          <reporter-output>
          </reporter-output>
        </test-method> <!-- flight_Reservation -->
        <test-method status="PASS" signature="flight_Confirmation()[pri:5, instance:testcases.SanityTest@29ca901e]" name="flight_Confirmation" duration-ms="1373" started-at="2020-04-13T09:11:22Z" finished-at="2020-04-13T09:11:23Z">
          <reporter-output>
          </reporter-output>
        </test-method> <!-- flight_Confirmation -->
        <test-method status="PASS" signature="afterEachTestCase()[pri:0, instance:testcases.SanityTest@29ca901e]" name="afterEachTestCase" is-config="true" duration-ms="59" started-at="2020-04-13T09:11:23Z" finished-at="2020-04-13T09:11:23Z">
          <reporter-output>
          </reporter-output>
        </test-method> <!-- afterEachTestCase -->
      </class> <!-- testcases.SanityTest -->
    </test> <!-- Book Flight for 4 Passengers -->
    <test name="Book Flight for 1 Passenger" duration-ms="31974" started-at="2020-04-13T09:10:52Z" finished-at="2020-04-13T09:11:24Z">
      <class name="testcases.SanityTest">
        <test-method status="PASS" signature="beforeEachTestClass(java.lang.String, java.lang.String)[pri:0, instance:testcases.SanityTest@4667ae56]" name="beforeEachTestClass" is-config="true" duration-ms="1854" started-at="2020-04-13T09:10:52Z" finished-at="2020-04-13T09:10:54Z">
          <params>
            <param index="0">
              <value>
                <![CDATA[1]]>
              </value>
            </param>
            <param index="1">
              <value>
                <![CDATA[$584 USD]]>
              </value>
            </param>
          </params>
          <reporter-output>
          </reporter-output>
        </test-method> <!-- beforeEachTestClass -->
        <test-method status="PASS" signature="setUp_Parameters(java.lang.String, java.lang.String)[pri:0, instance:testcases.SanityTest@4667ae56]" name="setUp_Parameters" is-config="true" duration-ms="1" started-at="2020-04-13T09:10:54Z" depends-on-methods="base.TestBase.beforeEachTestClass" finished-at="2020-04-13T09:10:54Z">
          <params>
            <param index="0">
              <value>
                <![CDATA[1]]>
              </value>
            </param>
            <param index="1">
              <value>
                <![CDATA[$584 USD]]>
              </value>
            </param>
          </params>
          <reporter-output>
          </reporter-output>
        </test-method> <!-- setUp_Parameters -->
        <test-method status="PASS" signature="open_Registration()[pri:1, instance:testcases.SanityTest@4667ae56]" name="open_Registration" duration-ms="3461" started-at="2020-04-13T09:10:54Z" finished-at="2020-04-13T09:10:57Z">
          <reporter-output>
          </reporter-output>
        </test-method> <!-- open_Registration -->
        <test-method status="PASS" signature="user_Registration()[pri:2, instance:testcases.SanityTest@4667ae56]" name="user_Registration" duration-ms="20809" started-at="2020-04-13T09:10:57Z" finished-at="2020-04-13T09:11:18Z">
          <reporter-output>
          </reporter-output>
        </test-method> <!-- user_Registration -->
        <test-method status="PASS" signature="confirm_User_Registration()[pri:3, instance:testcases.SanityTest@4667ae56]" name="confirm_User_Registration" duration-ms="1161" started-at="2020-04-13T09:11:18Z" finished-at="2020-04-13T09:11:19Z">
          <reporter-output>
          </reporter-output>
        </test-method> <!-- confirm_User_Registration -->
        <test-method status="PASS" signature="flight_Reservation()[pri:4, instance:testcases.SanityTest@4667ae56]" name="flight_Reservation" duration-ms="3219" started-at="2020-04-13T09:11:19Z" finished-at="2020-04-13T09:11:22Z">
          <reporter-output>
          </reporter-output>
        </test-method> <!-- flight_Reservation -->
        <test-method status="PASS" signature="flight_Confirmation()[pri:5, instance:testcases.SanityTest@4667ae56]" name="flight_Confirmation" duration-ms="1357" started-at="2020-04-13T09:11:22Z" finished-at="2020-04-13T09:11:24Z">
          <reporter-output>
          </reporter-output>
        </test-method> <!-- flight_Confirmation -->
        <test-method status="PASS" signature="afterEachTestCase()[pri:0, instance:testcases.SanityTest@4667ae56]" name="afterEachTestCase" is-config="true" duration-ms="64" started-at="2020-04-13T09:11:24Z" finished-at="2020-04-13T09:11:24Z">
          <reporter-output>
          </reporter-output>
        </test-method> <!-- afterEachTestCase -->
      </class> <!-- testcases.SanityTest -->
    </test> <!-- Book Flight for 1 Passenger -->
    <test name="Book Flight for 2 Passengers" duration-ms="31917" started-at="2020-04-13T09:10:52Z" finished-at="2020-04-13T09:11:24Z">
      <class name="testcases.SanityTest">
        <test-method status="PASS" signature="beforeEachTestClass(java.lang.String, java.lang.String)[pri:0, instance:testcases.SanityTest@72d818d1]" name="beforeEachTestClass" is-config="true" duration-ms="1868" started-at="2020-04-13T09:10:52Z" finished-at="2020-04-13T09:10:54Z">
          <params>
            <param index="0">
              <value>
                <![CDATA[2]]>
              </value>
            </param>
            <param index="1">
              <value>
                <![CDATA[$1169 USD]]>
              </value>
            </param>
          </params>
          <reporter-output>
          </reporter-output>
        </test-method> <!-- beforeEachTestClass -->
        <test-method status="PASS" signature="setUp_Parameters(java.lang.String, java.lang.String)[pri:0, instance:testcases.SanityTest@72d818d1]" name="setUp_Parameters" is-config="true" duration-ms="0" started-at="2020-04-13T09:10:54Z" depends-on-methods="base.TestBase.beforeEachTestClass" finished-at="2020-04-13T09:10:54Z">
          <params>
            <param index="0">
              <value>
                <![CDATA[2]]>
              </value>
            </param>
            <param index="1">
              <value>
                <![CDATA[$1169 USD]]>
              </value>
            </param>
          </params>
          <reporter-output>
          </reporter-output>
        </test-method> <!-- setUp_Parameters -->
        <test-method status="PASS" signature="open_Registration()[pri:1, instance:testcases.SanityTest@72d818d1]" name="open_Registration" duration-ms="3196" started-at="2020-04-13T09:10:54Z" finished-at="2020-04-13T09:10:57Z">
          <reporter-output>
          </reporter-output>
        </test-method> <!-- open_Registration -->
        <test-method status="PASS" signature="user_Registration()[pri:2, instance:testcases.SanityTest@72d818d1]" name="user_Registration" duration-ms="20906" started-at="2020-04-13T09:10:57Z" finished-at="2020-04-13T09:11:18Z">
          <reporter-output>
          </reporter-output>
        </test-method> <!-- user_Registration -->
        <test-method status="PASS" signature="confirm_User_Registration()[pri:3, instance:testcases.SanityTest@72d818d1]" name="confirm_User_Registration" duration-ms="1141" started-at="2020-04-13T09:11:18Z" finished-at="2020-04-13T09:11:19Z">
          <reporter-output>
          </reporter-output>
        </test-method> <!-- confirm_User_Registration -->
        <test-method status="PASS" signature="flight_Reservation()[pri:4, instance:testcases.SanityTest@72d818d1]" name="flight_Reservation" duration-ms="3363" started-at="2020-04-13T09:11:19Z" finished-at="2020-04-13T09:11:22Z">
          <reporter-output>
          </reporter-output>
        </test-method> <!-- flight_Reservation -->
        <test-method status="PASS" signature="flight_Confirmation()[pri:5, instance:testcases.SanityTest@72d818d1]" name="flight_Confirmation" duration-ms="1342" started-at="2020-04-13T09:11:22Z" finished-at="2020-04-13T09:11:24Z">
          <reporter-output>
          </reporter-output>
        </test-method> <!-- flight_Confirmation -->
        <test-method status="PASS" signature="afterEachTestCase()[pri:0, instance:testcases.SanityTest@72d818d1]" name="afterEachTestCase" is-config="true" duration-ms="60" started-at="2020-04-13T09:11:24Z" finished-at="2020-04-13T09:11:24Z">
          <reporter-output>
          </reporter-output>
        </test-method> <!-- afterEachTestCase -->
      </class> <!-- testcases.SanityTest -->
    </test> <!-- Book Flight for 2 Passengers -->
    <test name="Book Flight for 3 Passengers" duration-ms="31843" started-at="2020-04-13T09:10:52Z" finished-at="2020-04-13T09:11:24Z">
      <class name="testcases.SanityTest">
        <test-method status="PASS" signature="beforeEachTestClass(java.lang.String, java.lang.String)[pri:0, instance:testcases.SanityTest@1ed4004b]" name="beforeEachTestClass" is-config="true" duration-ms="1928" started-at="2020-04-13T09:10:52Z" finished-at="2020-04-13T09:10:54Z">
          <params>
            <param index="0">
              <value>
                <![CDATA[3]]>
              </value>
            </param>
            <param index="1">
              <value>
                <![CDATA[$1753 USD]]>
              </value>
            </param>
          </params>
          <reporter-output>
          </reporter-output>
        </test-method> <!-- beforeEachTestClass -->
        <test-method status="PASS" signature="setUp_Parameters(java.lang.String, java.lang.String)[pri:0, instance:testcases.SanityTest@1ed4004b]" name="setUp_Parameters" is-config="true" duration-ms="0" started-at="2020-04-13T09:10:54Z" depends-on-methods="base.TestBase.beforeEachTestClass" finished-at="2020-04-13T09:10:54Z">
          <params>
            <param index="0">
              <value>
                <![CDATA[3]]>
              </value>
            </param>
            <param index="1">
              <value>
                <![CDATA[$1753 USD]]>
              </value>
            </param>
          </params>
          <reporter-output>
          </reporter-output>
        </test-method> <!-- setUp_Parameters -->
        <test-method status="PASS" signature="open_Registration()[pri:1, instance:testcases.SanityTest@1ed4004b]" name="open_Registration" duration-ms="3292" started-at="2020-04-13T09:10:54Z" finished-at="2020-04-13T09:10:57Z">
          <reporter-output>
          </reporter-output>
        </test-method> <!-- open_Registration -->
        <test-method status="PASS" signature="user_Registration()[pri:2, instance:testcases.SanityTest@1ed4004b]" name="user_Registration" duration-ms="20609" started-at="2020-04-13T09:10:57Z" finished-at="2020-04-13T09:11:18Z">
          <reporter-output>
          </reporter-output>
        </test-method> <!-- user_Registration -->
        <test-method status="PASS" signature="confirm_User_Registration()[pri:3, instance:testcases.SanityTest@1ed4004b]" name="confirm_User_Registration" duration-ms="1163" started-at="2020-04-13T09:11:18Z" finished-at="2020-04-13T09:11:19Z">
          <reporter-output>
          </reporter-output>
        </test-method> <!-- confirm_User_Registration -->
        <test-method status="PASS" signature="flight_Reservation()[pri:4, instance:testcases.SanityTest@1ed4004b]" name="flight_Reservation" duration-ms="3397" started-at="2020-04-13T09:11:19Z" finished-at="2020-04-13T09:11:22Z">
          <reporter-output>
          </reporter-output>
        </test-method> <!-- flight_Reservation -->
        <test-method status="PASS" signature="flight_Confirmation()[pri:5, instance:testcases.SanityTest@1ed4004b]" name="flight_Confirmation" duration-ms="1364" started-at="2020-04-13T09:11:22Z" finished-at="2020-04-13T09:11:23Z">
          <reporter-output>
          </reporter-output>
        </test-method> <!-- flight_Confirmation -->
        <test-method status="PASS" signature="afterEachTestCase()[pri:0, instance:testcases.SanityTest@1ed4004b]" name="afterEachTestCase" is-config="true" duration-ms="66" started-at="2020-04-13T09:11:23Z" finished-at="2020-04-13T09:11:24Z">
          <reporter-output>
          </reporter-output>
        </test-method> <!-- afterEachTestCase -->
      </class> <!-- testcases.SanityTest -->
    </test> <!-- Book Flight for 3 Passengers -->
  </suite> <!-- Test_Automation_2020 -->
</testng-results>
