<?xml version="1.0" encoding="UTF-8"?>
<testng-results skipped="0" failed="0" ignored="0" total="1" passed="1">
  <reporter-output>
  </reporter-output>
  <suite name="Default suite" duration-ms="2486" started-at="2020-04-08T18:48:54 IST" finished-at="2020-04-08T18:48:57 IST">
    <groups>
    </groups>
    <test name="Default test" duration-ms="2486" started-at="2020-04-08T18:48:54 IST" finished-at="2020-04-08T18:48:57 IST">
      <class name="roughwork.SampleTest">
        <test-method status="PASS" signature="TC()[pri:0, instance:roughwork.SampleTest@4bbfb90a]" name="TC" duration-ms="2445" started-at="2020-04-08T18:48:54 IST" finished-at="2020-04-08T18:48:57 IST">
          <reporter-output>
          </reporter-output>
        </test-method> <!-- TC -->
      </class> <!-- roughwork.SampleTest -->
    </test> <!-- Default test -->
  </suite> <!-- Default suite -->
</testng-results>
