<?xml version="1.0" encoding="UTF-8"?>
<!-- Generated by org.testng.reporters.JUnitXMLReporter -->
<testsuite hostname="CTLT095" ignored="0" name="Book Flight for 1 Passenger" tests="5" failures="0" timestamp="13 Apr 2020 18:32:53 GMT" time="20.767" errors="0">
  <testcase name="open_Registration" time="3.389" classname="testcases.SanityTest"/>
  <testcase name="user_Registration" time="9.061" classname="testcases.SanityTest"/>
  <testcase name="confirm_User_Registration" time="1.21" classname="testcases.SanityTest"/>
  <testcase name="flight_Reservation" time="3.523" classname="testcases.SanityTest"/>
  <testcase name="flight_Confirmation" time="1.326" classname="testcases.SanityTest"/>
</testsuite> <!-- Book Flight for 1 Passenger -->
